# JRE version: OpenJDK Runtime Environment Temurin-11.0.14.1+1 (11.0.14.1+1) (build 11.0.14.1+1)
# Java VM: OpenJDK 64-Bit Server VM Temurin-11.0.14.1+1 (11.0.14.1+1, mixed mode, tiered, compressed oops, g1 gc, windows-amd64)
Heap:
 garbage-first heap   total 157696K, used 87876K [0x0000000081c00000, 0x0000000100000000)
  region size 1024K, 83 young (84992K), 7 survivors (7168K)
 Metaspace       used 42025K, capacity 43221K, committed 43548K, reserved 1087488K
  class space    used 4722K, capacity 5173K, committed 5248K, reserved 1048576K
GC Heap History (10 events):
Event: 0.574 GC heap before
{Heap before GC invocations=0 (full 0):
 garbage-first heap   total 131072K, used 23552K [0x0000000081c00000, 0x0000000100000000)
  region size 1024K, 24 young (24576K), 0 survivors (0K)
 Metaspace       used 12142K, capacity 12329K, committed 12416K, reserved 1060864K
  class space    used 1080K, capacity 1147K, committed 1152K, reserved 1048576K
}
Event: 0.579 GC heap after
{Heap after GC invocations=1 (full 0):
 garbage-first heap   total 131072K, used 4253K [0x0000000081c00000, 0x0000000100000000)
  region size 1024K, 3 young (3072K), 3 survivors (3072K)
 Metaspace       used 12142K, capacity 12329K, committed 12416K, reserved 1060864K
  class space    used 1080K, capacity 1147K, committed 1152K, reserved 1048576K
}
Event: 1.141 GC heap before
{Heap before GC invocations=1 (full 0):
 garbage-first heap   total 131072K, used 71837K [0x0000000081c00000, 0x0000000100000000)
  region size 1024K, 71 young (72704K), 3 survivors (3072K)
 Metaspace       used 20670K, capacity 21127K, committed 21296K, reserved 1069056K
  class space    used 2154K, capacity 2349K, committed 2432K, reserved 1048576K
}
Event: 1.147 GC heap after
{Heap after GC invocations=2 (full 0):
 garbage-first heap   total 131072K, used 6301K [0x0000000081c00000, 0x0000000100000000)
  region size 1024K, 5 young (5120K), 5 survivors (5120K)
 Metaspace       used 20670K, capacity 21127K, committed 21296K, reserved 1069056K
  class space    used 2154K, capacity 2349K, committed 2432K, reserved 1048576K
}
Event: 1.295 GC heap before
{Heap before GC invocations=3 (full 0):
 garbage-first heap   total 131072K, used 51357K [0x0000000081c00000, 0x0000000100000000)
  region size 1024K, 50 young (51200K), 5 survivors (5120K)
 Metaspace       used 24487K, capacity 24990K, committed 25008K, reserved 1071104K
  class space    used 2589K, capacity 2804K, committed 2816K, reserved 1048576K
}
Event: 1.302 GC heap after
{Heap after GC invocations=4 (full 0):
 garbage-first heap   total 131072K, used 6879K [0x0000000081c00000, 0x0000000100000000)
  region size 1024K, 3 young (3072K), 3 survivors (3072K)
 Metaspace       used 24487K, capacity 24990K, committed 25008K, reserved 1071104K
  class space    used 2589K, capacity 2804K, committed 2816K, reserved 1048576K
}
Event: 1.821 GC heap before
{Heap before GC invocations=4 (full 0):
 garbage-first heap   total 131072K, used 77535K [0x0000000081c00000, 0x0000000100000000)
  region size 1024K, 72 young (73728K), 3 survivors (3072K)
 Metaspace       used 29038K, capacity 29680K, committed 29744K, reserved 1075200K
  class space    used 3143K, capacity 3397K, committed 3456K, reserved 1048576K
}
Event: 1.826 GC heap after
{Heap after GC invocations=5 (full 0):
 garbage-first heap   total 131072K, used 8304K [0x0000000081c00000, 0x0000000100000000)
  region size 1024K, 4 young (4096K), 4 survivors (4096K)
 Metaspace       used 29038K, capacity 29680K, committed 29744K, reserved 1075200K
  class space    used 3143K, capacity 3397K, committed 3456K, reserved 1048576K
}
Event: 2.625 GC heap before
{Heap before GC invocations=5 (full 0):
 garbage-first heap   total 131072K, used 68720K [0x0000000081c00000, 0x0000000100000000)
  region size 1024K, 64 young (65536K), 4 survivors (4096K)
 Metaspace       used 34972K, capacity 35809K, committed 35888K, reserved 1081344K
  class space    used 3866K, capacity 4204K, committed 4224K, reserved 1048576K
}
Event: 2.638 GC heap after
{Heap after GC invocations=6 (full 0):
 garbage-first heap   total 157696K, used 11076K [0x0000000081c00000, 0x0000000100000000)
  region size 1024K, 7 young (7168K), 7 survivors (7168K)
 Metaspace       used 34972K, capacity 35809K, committed 35888K, reserved 1081344K
  class space    used 3866K, capacity 4204K, committed 4224K, reserved 1048576K
}

